[2021-11-22 10:07:20,286] multiqc                                            [DEBUG  ]  This is MultiQC v1.11
[2021-11-22 10:07:20,287] multiqc                                            [DEBUG  ]  No MultiQC config found: /home/qiime2/miniconda/envs/qiime2-2021.4/lib/python3.8/site-packages/multiqc_config.yaml
[2021-11-22 10:07:20,287] multiqc                                            [DEBUG  ]  No MultiQC config found: /home/qiime2/.multiqc_config.yaml
[2021-11-22 10:07:20,287] multiqc                                            [DEBUG  ]  No MultiQC config found: multiqc_config.yaml
[2021-11-22 10:07:20,287] multiqc                                            [DEBUG  ]  Command used: /home/qiime2/miniconda/envs/qiime2-2021.4/bin/multiqc .
[2021-11-22 10:07:20,965] multiqc                                            [DEBUG  ]  Latest MultiQC version is v1.11
[2021-11-22 10:07:20,965] multiqc                                            [DEBUG  ]  Command     : /home/qiime2/miniconda/envs/qiime2-2021.4/bin/multiqc .
[2021-11-22 10:07:20,965] multiqc                                            [DEBUG  ]  Working dir : /media/sf_Compartida/Canceres usados en el estudio/Cancer de mama con nodulo centinela/FASTQC reports
[2021-11-22 10:07:20,965] multiqc                                            [DEBUG  ]  Template    : default
[2021-11-22 10:07:20,965] multiqc                                            [DEBUG  ]  Running Python 3.8.8 | packaged by conda-forge | (default, Feb 20 2021, 16:22:27)  [GCC 9.3.0]
[2021-11-22 10:07:20,966] multiqc                                            [DEBUG  ]  Analysing modules: custom_content, ccs, ngsderive, purple, conpair, lima, peddy, somalier, methylQA, mosdepth, phantompeakqualtools, qualimap, preseq, quast, qorts, rna_seqc, rockhopper, rsem, rseqc, busco, bustools, goleft_indexcov, gffcompare, disambiguate, supernova, deeptools, sargasso, verifybamid, mirtrace, happy, mirtop, sambamba, homer, hops, macs2, theta2, snpeff, gatk, htseq, bcftools, featureCounts, fgbio, dragen, dedup, damageprofiler, biobambam2, jcvi, mtnucratio, picard, vep, sentieon, prokka, qc3C, nanostat, samblaster, samtools, sexdeterrmine, eigenstratdatabasetools, bamtools, jellyfish, vcftools, longranger, stacks, varscan2, snippy, bbmap, bismark, biscuit, hicexplorer, hicup, hicpro, salmon, kallisto, slamdunk, star, hisat2, tophat, bowtie2, bowtie1, snpsplit, odgi, pangolin, kat, leehom, adapterRemoval, clipandmerge, cutadapt, flexbar, kaiju, kraken, malt, trimmomatic, sickle, skewer, sortmerna, biobloomtools, fastq_screen, afterqc, fastp, fastqc, pychopper, pycoqc, minionqc, multivcfanalyzer, clusterflow, bcl2fastq, bclconvert, interop, ivar, flash, seqyclean, optitype
[2021-11-22 10:07:20,966] multiqc                                            [DEBUG  ]  Using temporary directory for creating report: /tmp/tmpn02hfekn
[2021-11-22 10:07:21,089] multiqc                                            [INFO   ]  Search path : /media/sf_Compartida/Canceres usados en el estudio/Cancer de mama con nodulo centinela/FASTQC reports
[2021-11-22 10:07:21,150] multiqc                                            [DEBUG  ]  File ignored by ccs/v4 because it exceeded search pattern filesize limit: SRR1751227_1_fastqc.html
[2021-11-22 10:07:21,155] multiqc                                            [DEBUG  ]  File ignored by hicexplorer because it exceeded search pattern filesize limit: SRR1751227_1_fastqc.html
[2021-11-22 10:07:21,156] multiqc                                            [DEBUG  ]  File ignored by nanostat because it exceeded search pattern filesize limit: SRR1751227_1_fastqc.html
[2021-11-22 10:07:21,156] multiqc                                            [DEBUG  ]  File ignored by lima/summary because it exceeded search pattern filesize limit: SRR1751227_1_fastqc.html
[2021-11-22 10:07:21,168] multiqc                                            [DEBUG  ]  File ignored by vep/vep_txt because it exceeded search pattern filesize limit: SRR1751227_1_fastqc.html
[2021-11-22 10:07:21,168] multiqc                                            [DEBUG  ]  File ignored by longranger/invocation because it exceeded search pattern filesize limit: SRR1751227_1_fastqc.html
[2021-11-22 10:07:21,420] multiqc                                            [DEBUG  ]  File ignored by ccs/v4 because it exceeded search pattern filesize limit: SRR1751227_2_fastqc.html
[2021-11-22 10:07:21,425] multiqc                                            [DEBUG  ]  File ignored by hicexplorer because it exceeded search pattern filesize limit: SRR1751227_2_fastqc.html
[2021-11-22 10:07:21,426] multiqc                                            [DEBUG  ]  File ignored by nanostat because it exceeded search pattern filesize limit: SRR1751227_2_fastqc.html
[2021-11-22 10:07:21,426] multiqc                                            [DEBUG  ]  File ignored by lima/summary because it exceeded search pattern filesize limit: SRR1751227_2_fastqc.html
[2021-11-22 10:07:21,436] multiqc                                            [DEBUG  ]  File ignored by vep/vep_txt because it exceeded search pattern filesize limit: SRR1751227_2_fastqc.html
[2021-11-22 10:07:21,436] multiqc                                            [DEBUG  ]  File ignored by longranger/invocation because it exceeded search pattern filesize limit: SRR1751227_2_fastqc.html
[2021-11-22 10:07:21,729] multiqc                                            [DEBUG  ]  File ignored by ccs/v4 because it exceeded search pattern filesize limit: SRR1751228_1_fastqc.html
[2021-11-22 10:07:21,737] multiqc                                            [DEBUG  ]  File ignored by hicexplorer because it exceeded search pattern filesize limit: SRR1751228_1_fastqc.html
[2021-11-22 10:07:21,738] multiqc                                            [DEBUG  ]  File ignored by nanostat because it exceeded search pattern filesize limit: SRR1751228_1_fastqc.html
[2021-11-22 10:07:21,738] multiqc                                            [DEBUG  ]  File ignored by lima/summary because it exceeded search pattern filesize limit: SRR1751228_1_fastqc.html
[2021-11-22 10:07:21,748] multiqc                                            [DEBUG  ]  File ignored by vep/vep_txt because it exceeded search pattern filesize limit: SRR1751228_1_fastqc.html
[2021-11-22 10:07:21,748] multiqc                                            [DEBUG  ]  File ignored by longranger/invocation because it exceeded search pattern filesize limit: SRR1751228_1_fastqc.html
[2021-11-22 10:07:21,973] multiqc                                            [DEBUG  ]  File ignored by ccs/v4 because it exceeded search pattern filesize limit: SRR1751228_2_fastqc.html
[2021-11-22 10:07:21,979] multiqc                                            [DEBUG  ]  File ignored by hicexplorer because it exceeded search pattern filesize limit: SRR1751228_2_fastqc.html
[2021-11-22 10:07:21,979] multiqc                                            [DEBUG  ]  File ignored by nanostat because it exceeded search pattern filesize limit: SRR1751228_2_fastqc.html
[2021-11-22 10:07:21,979] multiqc                                            [DEBUG  ]  File ignored by lima/summary because it exceeded search pattern filesize limit: SRR1751228_2_fastqc.html
[2021-11-22 10:07:21,989] multiqc                                            [DEBUG  ]  File ignored by vep/vep_txt because it exceeded search pattern filesize limit: SRR1751228_2_fastqc.html
[2021-11-22 10:07:21,989] multiqc                                            [DEBUG  ]  File ignored by longranger/invocation because it exceeded search pattern filesize limit: SRR1751228_2_fastqc.html
[2021-11-22 10:07:22,212] multiqc                                            [DEBUG  ]  File ignored by ccs/v4 because it exceeded search pattern filesize limit: SRR1751229_1_fastqc.html
[2021-11-22 10:07:22,217] multiqc                                            [DEBUG  ]  File ignored by hicexplorer because it exceeded search pattern filesize limit: SRR1751229_1_fastqc.html
[2021-11-22 10:07:22,218] multiqc                                            [DEBUG  ]  File ignored by nanostat because it exceeded search pattern filesize limit: SRR1751229_1_fastqc.html
[2021-11-22 10:07:22,218] multiqc                                            [DEBUG  ]  File ignored by lima/summary because it exceeded search pattern filesize limit: SRR1751229_1_fastqc.html
[2021-11-22 10:07:22,228] multiqc                                            [DEBUG  ]  File ignored by vep/vep_txt because it exceeded search pattern filesize limit: SRR1751229_1_fastqc.html
[2021-11-22 10:07:22,228] multiqc                                            [DEBUG  ]  File ignored by longranger/invocation because it exceeded search pattern filesize limit: SRR1751229_1_fastqc.html
[2021-11-22 10:07:22,454] multiqc                                            [DEBUG  ]  File ignored by ccs/v4 because it exceeded search pattern filesize limit: SRR1751229_2_fastqc.html
[2021-11-22 10:07:22,460] multiqc                                            [DEBUG  ]  File ignored by hicexplorer because it exceeded search pattern filesize limit: SRR1751229_2_fastqc.html
[2021-11-22 10:07:22,460] multiqc                                            [DEBUG  ]  File ignored by nanostat because it exceeded search pattern filesize limit: SRR1751229_2_fastqc.html
[2021-11-22 10:07:22,460] multiqc                                            [DEBUG  ]  File ignored by lima/summary because it exceeded search pattern filesize limit: SRR1751229_2_fastqc.html
[2021-11-22 10:07:22,471] multiqc                                            [DEBUG  ]  File ignored by vep/vep_txt because it exceeded search pattern filesize limit: SRR1751229_2_fastqc.html
[2021-11-22 10:07:22,471] multiqc                                            [DEBUG  ]  File ignored by longranger/invocation because it exceeded search pattern filesize limit: SRR1751229_2_fastqc.html
[2021-11-22 10:07:22,696] multiqc                                            [DEBUG  ]  File ignored by ccs/v4 because it exceeded search pattern filesize limit: SRR1751230_1_fastqc.html
[2021-11-22 10:07:22,702] multiqc                                            [DEBUG  ]  File ignored by hicexplorer because it exceeded search pattern filesize limit: SRR1751230_1_fastqc.html
[2021-11-22 10:07:22,702] multiqc                                            [DEBUG  ]  File ignored by nanostat because it exceeded search pattern filesize limit: SRR1751230_1_fastqc.html
[2021-11-22 10:07:22,702] multiqc                                            [DEBUG  ]  File ignored by lima/summary because it exceeded search pattern filesize limit: SRR1751230_1_fastqc.html
[2021-11-22 10:07:22,712] multiqc                                            [DEBUG  ]  File ignored by vep/vep_txt because it exceeded search pattern filesize limit: SRR1751230_1_fastqc.html
[2021-11-22 10:07:22,712] multiqc                                            [DEBUG  ]  File ignored by longranger/invocation because it exceeded search pattern filesize limit: SRR1751230_1_fastqc.html
[2021-11-22 10:07:22,947] multiqc                                            [DEBUG  ]  File ignored by ccs/v4 because it exceeded search pattern filesize limit: SRR1751230_2_fastqc.html
[2021-11-22 10:07:22,952] multiqc                                            [DEBUG  ]  File ignored by hicexplorer because it exceeded search pattern filesize limit: SRR1751230_2_fastqc.html
[2021-11-22 10:07:22,953] multiqc                                            [DEBUG  ]  File ignored by nanostat because it exceeded search pattern filesize limit: SRR1751230_2_fastqc.html
[2021-11-22 10:07:22,953] multiqc                                            [DEBUG  ]  File ignored by lima/summary because it exceeded search pattern filesize limit: SRR1751230_2_fastqc.html
[2021-11-22 10:07:22,970] multiqc                                            [DEBUG  ]  File ignored by vep/vep_txt because it exceeded search pattern filesize limit: SRR1751230_2_fastqc.html
[2021-11-22 10:07:22,970] multiqc                                            [DEBUG  ]  File ignored by longranger/invocation because it exceeded search pattern filesize limit: SRR1751230_2_fastqc.html
[2021-11-22 10:07:23,194] multiqc                                            [DEBUG  ]  File ignored by ccs/v4 because it exceeded search pattern filesize limit: SRR1751231_1_fastqc.html
[2021-11-22 10:07:23,200] multiqc                                            [DEBUG  ]  File ignored by hicexplorer because it exceeded search pattern filesize limit: SRR1751231_1_fastqc.html
[2021-11-22 10:07:23,201] multiqc                                            [DEBUG  ]  File ignored by nanostat because it exceeded search pattern filesize limit: SRR1751231_1_fastqc.html
[2021-11-22 10:07:23,201] multiqc                                            [DEBUG  ]  File ignored by lima/summary because it exceeded search pattern filesize limit: SRR1751231_1_fastqc.html
[2021-11-22 10:07:23,211] multiqc                                            [DEBUG  ]  File ignored by vep/vep_txt because it exceeded search pattern filesize limit: SRR1751231_1_fastqc.html
[2021-11-22 10:07:23,211] multiqc                                            [DEBUG  ]  File ignored by longranger/invocation because it exceeded search pattern filesize limit: SRR1751231_1_fastqc.html
[2021-11-22 10:07:23,436] multiqc                                            [DEBUG  ]  File ignored by ccs/v4 because it exceeded search pattern filesize limit: SRR1751231_2_fastqc.html
[2021-11-22 10:07:23,441] multiqc                                            [DEBUG  ]  File ignored by hicexplorer because it exceeded search pattern filesize limit: SRR1751231_2_fastqc.html
[2021-11-22 10:07:23,442] multiqc                                            [DEBUG  ]  File ignored by nanostat because it exceeded search pattern filesize limit: SRR1751231_2_fastqc.html
[2021-11-22 10:07:23,442] multiqc                                            [DEBUG  ]  File ignored by lima/summary because it exceeded search pattern filesize limit: SRR1751231_2_fastqc.html
[2021-11-22 10:07:23,453] multiqc                                            [DEBUG  ]  File ignored by vep/vep_txt because it exceeded search pattern filesize limit: SRR1751231_2_fastqc.html
[2021-11-22 10:07:23,453] multiqc                                            [DEBUG  ]  File ignored by longranger/invocation because it exceeded search pattern filesize limit: SRR1751231_2_fastqc.html
[2021-11-22 10:07:23,691] multiqc                                            [DEBUG  ]  File ignored by ccs/v4 because it exceeded search pattern filesize limit: SRR1751232_1_fastqc.html
[2021-11-22 10:07:23,696] multiqc                                            [DEBUG  ]  File ignored by hicexplorer because it exceeded search pattern filesize limit: SRR1751232_1_fastqc.html
[2021-11-22 10:07:23,697] multiqc                                            [DEBUG  ]  File ignored by nanostat because it exceeded search pattern filesize limit: SRR1751232_1_fastqc.html
[2021-11-22 10:07:23,697] multiqc                                            [DEBUG  ]  File ignored by lima/summary because it exceeded search pattern filesize limit: SRR1751232_1_fastqc.html
[2021-11-22 10:07:23,707] multiqc                                            [DEBUG  ]  File ignored by vep/vep_txt because it exceeded search pattern filesize limit: SRR1751232_1_fastqc.html
[2021-11-22 10:07:23,707] multiqc                                            [DEBUG  ]  File ignored by longranger/invocation because it exceeded search pattern filesize limit: SRR1751232_1_fastqc.html
[2021-11-22 10:07:23,939] multiqc                                            [DEBUG  ]  File ignored by ccs/v4 because it exceeded search pattern filesize limit: SRR1751232_2_fastqc.html
[2021-11-22 10:07:23,944] multiqc                                            [DEBUG  ]  File ignored by hicexplorer because it exceeded search pattern filesize limit: SRR1751232_2_fastqc.html
[2021-11-22 10:07:23,945] multiqc                                            [DEBUG  ]  File ignored by nanostat because it exceeded search pattern filesize limit: SRR1751232_2_fastqc.html
[2021-11-22 10:07:23,945] multiqc                                            [DEBUG  ]  File ignored by lima/summary because it exceeded search pattern filesize limit: SRR1751232_2_fastqc.html
[2021-11-22 10:07:23,956] multiqc                                            [DEBUG  ]  File ignored by vep/vep_txt because it exceeded search pattern filesize limit: SRR1751232_2_fastqc.html
[2021-11-22 10:07:23,956] multiqc                                            [DEBUG  ]  File ignored by longranger/invocation because it exceeded search pattern filesize limit: SRR1751232_2_fastqc.html
[2021-11-22 10:07:24,386] multiqc.plots.bargraph                             [DEBUG  ]  Using matplotlib version 3.4.1
[2021-11-22 10:07:24,387] multiqc.plots.linegraph                            [DEBUG  ]  Using matplotlib version 3.4.1
[2021-11-22 10:07:24,387] multiqc                                            [DEBUG  ]  No samples found: custom_content
[2021-11-22 10:07:24,392] multiqc                                            [DEBUG  ]  No samples found: ccs
[2021-11-22 10:07:24,396] multiqc                                            [DEBUG  ]  No samples found: ngsderive
[2021-11-22 10:07:24,401] multiqc                                            [DEBUG  ]  No samples found: purple
[2021-11-22 10:07:24,407] multiqc                                            [DEBUG  ]  No samples found: conpair
[2021-11-22 10:07:24,412] multiqc                                            [DEBUG  ]  No samples found: lima
[2021-11-22 10:07:24,416] multiqc                                            [DEBUG  ]  No samples found: peddy
[2021-11-22 10:07:24,421] multiqc                                            [DEBUG  ]  No samples found: somalier
[2021-11-22 10:07:24,425] multiqc                                            [DEBUG  ]  No samples found: methylQA
[2021-11-22 10:07:24,430] multiqc.modules.mosdepth.mosdepth                  [DEBUG  ]  include_contigs: []
[2021-11-22 10:07:24,430] multiqc.modules.mosdepth.mosdepth                  [DEBUG  ]  exclude_contigs: []
[2021-11-22 10:07:24,430] multiqc                                            [DEBUG  ]  No samples found: mosdepth
[2021-11-22 10:07:24,434] multiqc                                            [DEBUG  ]  No samples found: phantompeakqualtools
[2021-11-22 10:07:24,439] multiqc                                            [DEBUG  ]  No samples found: qualimap
[2021-11-22 10:07:24,443] multiqc                                            [DEBUG  ]  No samples found: preseq
[2021-11-22 10:07:24,448] multiqc                                            [DEBUG  ]  No samples found: quast
[2021-11-22 10:07:24,452] multiqc                                            [DEBUG  ]  No samples found: qorts
[2021-11-22 10:07:24,456] multiqc                                            [DEBUG  ]  No samples found: rna_seqc
[2021-11-22 10:07:24,461] multiqc                                            [DEBUG  ]  No samples found: rockhopper
[2021-11-22 10:07:24,465] multiqc                                            [DEBUG  ]  No samples found: rsem
[2021-11-22 10:07:24,471] multiqc                                            [DEBUG  ]  No samples found: rseqc
[2021-11-22 10:07:24,475] multiqc                                            [DEBUG  ]  No samples found: busco
[2021-11-22 10:07:24,480] multiqc                                            [DEBUG  ]  No samples found: bustools
[2021-11-22 10:07:24,484] multiqc                                            [DEBUG  ]  No samples found: goleft_indexcov
[2021-11-22 10:07:24,488] multiqc                                            [DEBUG  ]  No samples found: gffcompare
[2021-11-22 10:07:24,492] multiqc                                            [DEBUG  ]  No samples found: disambiguate
[2021-11-22 10:07:24,497] multiqc                                            [DEBUG  ]  No samples found: supernova
[2021-11-22 10:07:24,502] multiqc                                            [DEBUG  ]  No samples found: deeptools
[2021-11-22 10:07:24,508] multiqc                                            [DEBUG  ]  No samples found: sargasso
[2021-11-22 10:07:24,512] multiqc                                            [DEBUG  ]  No samples found: verifybamid
[2021-11-22 10:07:24,517] multiqc                                            [DEBUG  ]  No samples found: mirtrace
[2021-11-22 10:07:24,521] multiqc                                            [DEBUG  ]  No samples found: happy
[2021-11-22 10:07:24,525] multiqc                                            [DEBUG  ]  No samples found: mirtop
[2021-11-22 10:07:24,530] multiqc                                            [DEBUG  ]  No samples found: sambamba
[2021-11-22 10:07:24,535] multiqc                                            [DEBUG  ]  No samples found: homer
[2021-11-22 10:07:24,539] multiqc                                            [DEBUG  ]  No samples found: hops
[2021-11-22 10:07:24,544] multiqc                                            [DEBUG  ]  No samples found: macs2
[2021-11-22 10:07:24,548] multiqc                                            [DEBUG  ]  No samples found: theta2
[2021-11-22 10:07:24,552] multiqc                                            [DEBUG  ]  No samples found: snpeff
[2021-11-22 10:07:24,557] multiqc                                            [DEBUG  ]  No samples found: gatk
[2021-11-22 10:07:24,561] multiqc                                            [DEBUG  ]  No samples found: htseq
[2021-11-22 10:07:24,566] multiqc                                            [DEBUG  ]  No samples found: bcftools
[2021-11-22 10:07:24,570] multiqc                                            [DEBUG  ]  No samples found: featureCounts
[2021-11-22 10:07:24,575] multiqc                                            [DEBUG  ]  No samples found: fgbio
[2021-11-22 10:07:24,582] multiqc                                            [DEBUG  ]  No samples found: dragen
[2021-11-22 10:07:24,586] multiqc                                            [DEBUG  ]  No samples found: dedup
[2021-11-22 10:07:24,591] multiqc                                            [DEBUG  ]  No samples found: damageprofiler
[2021-11-22 10:07:24,599] multiqc                                            [DEBUG  ]  No samples found: biobambam2
[2021-11-22 10:07:24,603] multiqc                                            [DEBUG  ]  No samples found: jcvi
[2021-11-22 10:07:24,608] multiqc                                            [DEBUG  ]  No samples found: mtnucratio
[2021-11-22 10:07:24,612] multiqc                                            [DEBUG  ]  No samples found: picard
[2021-11-22 10:07:24,616] multiqc                                            [DEBUG  ]  No samples found: vep
[2021-11-22 10:07:24,621] multiqc                                            [DEBUG  ]  No samples found: sentieon
[2021-11-22 10:07:24,625] multiqc                                            [DEBUG  ]  No samples found: prokka
[2021-11-22 10:07:24,629] multiqc                                            [DEBUG  ]  No samples found: qc3C
[2021-11-22 10:07:24,634] multiqc                                            [DEBUG  ]  No samples found: nanostat
[2021-11-22 10:07:24,638] multiqc                                            [DEBUG  ]  No samples found: samblaster
[2021-11-22 10:07:24,643] multiqc                                            [DEBUG  ]  No samples found: samtools
[2021-11-22 10:07:24,647] multiqc                                            [DEBUG  ]  No samples found: sexdeterrmine
[2021-11-22 10:07:24,652] multiqc                                            [DEBUG  ]  No samples found: eigenstratdatabasetools
[2021-11-22 10:07:24,656] multiqc                                            [DEBUG  ]  No samples found: bamtools
[2021-11-22 10:07:24,660] multiqc                                            [DEBUG  ]  No samples found: jellyfish
[2021-11-22 10:07:24,665] multiqc                                            [DEBUG  ]  No samples found: vcftools
[2021-11-22 10:07:24,669] multiqc                                            [DEBUG  ]  No samples found: longranger
[2021-11-22 10:07:24,674] multiqc                                            [DEBUG  ]  No samples found: stacks
[2021-11-22 10:07:24,678] multiqc                                            [DEBUG  ]  No samples found: varscan2
[2021-11-22 10:07:24,682] multiqc                                            [DEBUG  ]  No samples found: snippy
[2021-11-22 10:07:24,688] multiqc                                            [DEBUG  ]  No samples found: bbmap
[2021-11-22 10:07:24,693] multiqc                                            [DEBUG  ]  No samples found: bismark
[2021-11-22 10:07:24,697] multiqc                                            [DEBUG  ]  No samples found: biscuit
[2021-11-22 10:07:24,701] multiqc                                            [DEBUG  ]  No samples found: hicexplorer
[2021-11-22 10:07:24,706] multiqc                                            [DEBUG  ]  No samples found: hicup
[2021-11-22 10:07:24,710] multiqc                                            [DEBUG  ]  No samples found: hicpro
[2021-11-22 10:07:24,714] multiqc                                            [DEBUG  ]  No samples found: salmon
[2021-11-22 10:07:24,718] multiqc                                            [DEBUG  ]  No samples found: kallisto
[2021-11-22 10:07:24,723] multiqc                                            [DEBUG  ]  No samples found: slamdunk
[2021-11-22 10:07:24,727] multiqc                                            [DEBUG  ]  No samples found: star
[2021-11-22 10:07:24,732] multiqc                                            [DEBUG  ]  No samples found: hisat2
[2021-11-22 10:07:24,737] multiqc                                            [DEBUG  ]  No samples found: tophat
[2021-11-22 10:07:24,741] multiqc                                            [DEBUG  ]  No samples found: bowtie2
[2021-11-22 10:07:24,745] multiqc                                            [DEBUG  ]  No samples found: bowtie1
[2021-11-22 10:07:24,750] multiqc                                            [DEBUG  ]  No samples found: snpsplit
[2021-11-22 10:07:24,754] multiqc                                            [DEBUG  ]  No samples found: odgi
[2021-11-22 10:07:24,758] multiqc                                            [DEBUG  ]  No samples found: pangolin
[2021-11-22 10:07:24,763] multiqc                                            [DEBUG  ]  No samples found: kat
[2021-11-22 10:07:24,767] multiqc                                            [DEBUG  ]  No samples found: leehom
[2021-11-22 10:07:24,772] multiqc                                            [DEBUG  ]  No samples found: adapterRemoval
[2021-11-22 10:07:24,776] multiqc                                            [DEBUG  ]  No samples found: clipandmerge
[2021-11-22 10:07:24,780] multiqc                                            [DEBUG  ]  No samples found: cutadapt
[2021-11-22 10:07:24,784] multiqc                                            [DEBUG  ]  No samples found: flexbar
[2021-11-22 10:07:24,789] multiqc                                            [DEBUG  ]  No samples found: kaiju
[2021-11-22 10:07:24,793] multiqc                                            [DEBUG  ]  No samples found: kraken
[2021-11-22 10:07:24,797] multiqc                                            [DEBUG  ]  No samples found: malt
[2021-11-22 10:07:24,802] multiqc                                            [DEBUG  ]  No samples found: trimmomatic
[2021-11-22 10:07:24,806] multiqc                                            [DEBUG  ]  No samples found: sickle
[2021-11-22 10:07:24,810] multiqc                                            [DEBUG  ]  No samples found: skewer
[2021-11-22 10:07:24,815] multiqc                                            [DEBUG  ]  No samples found: sortmerna
[2021-11-22 10:07:24,819] multiqc                                            [DEBUG  ]  No samples found: biobloomtools
[2021-11-22 10:07:24,823] multiqc                                            [DEBUG  ]  No samples found: fastq_screen
[2021-11-22 10:07:24,827] multiqc                                            [DEBUG  ]  No samples found: afterqc
[2021-11-22 10:07:24,832] multiqc                                            [DEBUG  ]  No samples found: fastp
[2021-11-22 10:07:24,942] multiqc.modules.fastqc.fastqc                      [INFO   ]  Found 12 reports
[2021-11-22 10:07:25,188] multiqc                                            [DEBUG  ]  No samples found: pychopper
[2021-11-22 10:07:25,192] multiqc                                            [DEBUG  ]  No samples found: pycoqc
[2021-11-22 10:07:25,196] multiqc                                            [DEBUG  ]  No samples found: minionqc
[2021-11-22 10:07:25,201] multiqc                                            [DEBUG  ]  No samples found: multivcfanalyzer
[2021-11-22 10:07:25,205] multiqc                                            [DEBUG  ]  No samples found: clusterflow
[2021-11-22 10:07:25,209] multiqc                                            [DEBUG  ]  No samples found: bcl2fastq
[2021-11-22 10:07:25,214] multiqc                                            [DEBUG  ]  No samples found: bclconvert
[2021-11-22 10:07:25,218] multiqc                                            [DEBUG  ]  No samples found: interop
[2021-11-22 10:07:25,223] multiqc                                            [DEBUG  ]  No samples found: ivar
[2021-11-22 10:07:25,227] multiqc                                            [DEBUG  ]  No samples found: flash
[2021-11-22 10:07:25,231] multiqc                                            [DEBUG  ]  No samples found: seqyclean
[2021-11-22 10:07:25,235] multiqc                                            [DEBUG  ]  No samples found: optitype
[2021-11-22 10:07:25,254] multiqc                                            [INFO   ]  Compressing plot data
[2021-11-22 10:07:25,638] multiqc                                            [INFO   ]  Report      : multiqc_report.html
[2021-11-22 10:07:25,638] multiqc                                            [INFO   ]  Data        : multiqc_data
[2021-11-22 10:07:25,638] multiqc                                            [DEBUG  ]  Moving data file from '/tmp/tmpn02hfekn/multiqc_data' to '/media/sf_Compartida/Canceres usados en el estudio/Cancer de mama con nodulo centinela/FASTQC reports/multiqc_data'
[2021-11-22 10:07:25,769] multiqc                                            [INFO   ]  MultiQC complete
